2026-03-31 14:12:09,627 - INFO - Symbol Validated
2026-03-31 14:12:09,627 - INFO - Side Validated
2026-03-31 14:12:09,627 - INFO - Type Validated
2026-03-31 14:12:09,627 - INFO - Quantity Validated
2026-03-31 14:12:09,642 - INFO - Price Validated
2026-03-31 14:12:09,642 - INFO - All validations passed
2026-03-31 14:13:07,607 - INFO - Symbol Validated
2026-03-31 14:13:07,607 - INFO - Side Validated
2026-03-31 14:13:07,607 - INFO - Type Validated
2026-03-31 14:13:07,607 - INFO - Quantity Validated
2026-03-31 14:13:07,607 - INFO - Price Validated
2026-03-31 14:13:07,607 - INFO - All validations passed
2026-03-31 14:13:35,152 - INFO - Symbol Validated
2026-03-31 14:13:35,152 - INFO - Side Validated
2026-03-31 14:13:35,152 - INFO - Type Validated
2026-03-31 14:13:35,152 - INFO - Quantity Validated
2026-03-31 14:13:35,152 - INFO - Price Validated
2026-03-31 14:13:35,152 - INFO - All validations passed
2026-03-31 14:14:08,762 - INFO - Symbol Validated
2026-03-31 14:14:08,762 - INFO - Side Validated
2026-03-31 14:14:08,762 - INFO - Type Validated
2026-03-31 14:14:08,762 - INFO - Quantity Validated
2026-03-31 14:14:08,762 - INFO - Price Validated
2026-03-31 14:14:08,762 - INFO - All validations passed
2026-03-31 14:14:31,608 - INFO - Symbol Validated
2026-03-31 14:14:31,623 - INFO - Side Validated
2026-03-31 14:14:31,623 - INFO - Type Validated
2026-03-31 14:14:31,623 - INFO - Quantity Validated
2026-03-31 14:14:31,623 - INFO - Price Validated
2026-03-31 14:14:31,623 - INFO - All validations passed
2026-04-01 11:49:58,307 - INFO - Symbol Validated
2026-04-01 11:49:58,369 - INFO - Side Validated
2026-04-01 11:49:58,369 - INFO - Type Validated
2026-04-01 11:49:58,369 - INFO - Quantity Validated
2026-04-01 11:49:58,385 - INFO - Price Validated
2026-04-01 11:49:58,385 - INFO - All validations passed
2026-04-01 11:52:14,137 - INFO - Symbol Validated
2026-04-01 11:52:14,137 - INFO - Side Validated
2026-04-01 11:52:14,137 - INFO - Type Validated
2026-04-01 11:52:14,137 - INFO - Quantity Validated
2026-04-01 11:52:14,137 - INFO - Price Validated
2026-04-01 11:52:14,137 - INFO - All validations passed
2026-04-01 11:54:12,448 - INFO - Symbol Validated
2026-04-01 11:54:12,448 - INFO - Side Validated
2026-04-01 11:54:12,448 - INFO - Type Validated
2026-04-01 11:54:12,448 - INFO - Quantity Validated
2026-04-01 11:54:12,448 - INFO - Price Validated
2026-04-01 11:54:12,448 - INFO - All validations passed
2026-04-01 11:56:30,753 - INFO - Symbol Validated
2026-04-01 11:56:30,753 - INFO - Side Validated
2026-04-01 11:56:30,753 - INFO - Type Validated
2026-04-01 11:56:30,753 - INFO - Quantity Validated
2026-04-01 11:56:30,753 - INFO - Price Validated
2026-04-01 11:56:30,753 - INFO - All validations passed
2026-04-01 11:56:46,258 - INFO - Symbol Validated
2026-04-01 11:56:46,258 - INFO - Side Validated
2026-04-01 11:56:46,258 - INFO - Type Validated
2026-04-01 11:56:46,258 - INFO - Quantity Validated
2026-04-01 11:56:46,258 - INFO - Price Validated
2026-04-01 11:56:46,258 - INFO - All validations passed
2026-04-01 11:57:13,200 - INFO - Symbol Validated
2026-04-01 11:57:13,200 - INFO - Side Validated
2026-04-01 11:57:13,200 - INFO - Type Validated
2026-04-01 11:57:13,200 - INFO - Quantity Validated
2026-04-01 11:57:13,200 - INFO - Price Validated
2026-04-01 11:57:13,200 - INFO - All validations passed
2026-04-01 11:57:42,533 - INFO - Symbol Validated
2026-04-01 11:57:42,533 - INFO - Side Validated
2026-04-01 11:57:42,533 - INFO - Type Validated
2026-04-01 11:57:42,533 - INFO - Quantity Validated
2026-04-01 11:57:42,533 - INFO - Price Validated
2026-04-01 11:57:42,533 - INFO - All validations passed
2026-04-01 11:58:01,466 - INFO - Symbol Validated
2026-04-01 11:58:01,467 - INFO - Side Validated
2026-04-01 11:58:01,468 - INFO - Type Validated
2026-04-01 11:58:01,468 - INFO - Quantity Validated
2026-04-01 11:58:01,469 - INFO - Price Validated
2026-04-01 11:58:01,469 - INFO - All validations passed
2026-04-01 11:58:39,775 - INFO - Symbol Validated
2026-04-01 11:58:39,775 - INFO - Side Validated
2026-04-01 11:58:39,775 - INFO - Type Validated
2026-04-01 11:58:39,775 - INFO - Quantity Validated
2026-04-01 11:58:39,775 - INFO - Price Validated
2026-04-01 11:58:39,775 - INFO - All validations passed
2026-04-01 11:59:17,081 - INFO - Symbol Validated
2026-04-01 11:59:17,081 - INFO - Side Validated
2026-04-01 11:59:17,081 - INFO - Type Validated
2026-04-01 11:59:17,081 - INFO - Quantity Validated
2026-04-01 11:59:17,081 - INFO - Price Validated
2026-04-01 11:59:17,081 - INFO - All validations passed
2026-04-01 12:01:58,414 - INFO - Symbol Validated
2026-04-01 12:01:58,416 - INFO - Side Validated
2026-04-01 12:01:58,416 - INFO - Type Validated
2026-04-01 12:01:58,417 - INFO - Quantity Validated
2026-04-01 12:01:58,417 - INFO - Price Validated
2026-04-01 12:01:58,417 - INFO - All validations passed
2026-04-01 12:03:58,449 - INFO - Symbol Validated
2026-04-01 12:03:58,449 - INFO - Side Validated
2026-04-01 12:03:58,449 - INFO - Type Validated
2026-04-01 12:03:58,471 - INFO - Quantity Validated
2026-04-01 12:03:58,503 - INFO - Price Validated
2026-04-01 12:03:58,505 - INFO - All validations passed
2026-04-01 12:06:36,399 - INFO - Symbol Validated
2026-04-01 12:06:36,415 - INFO - Side Validated
2026-04-01 12:06:36,415 - INFO - Type Validated
2026-04-01 12:06:36,415 - INFO - Quantity Validated
2026-04-01 12:06:36,415 - INFO - Price Validated
2026-04-01 12:06:36,415 - INFO - All validations passed
2026-04-01 12:07:33,826 - INFO - Symbol Validated
2026-04-01 12:07:33,826 - INFO - Side Validated
2026-04-01 12:07:33,920 - INFO - Type Validated
2026-04-01 12:07:33,960 - INFO - Quantity Validated
2026-04-01 12:07:33,975 - INFO - Price Validated
2026-04-01 12:07:33,975 - INFO - All validations passed
2026-04-01 12:10:18,081 - INFO - Symbol Validated
2026-04-01 12:10:18,081 - INFO - Side Validated
2026-04-01 12:10:18,081 - INFO - Type Validated
2026-04-01 12:10:18,081 - INFO - Quantity Validated
2026-04-01 12:10:18,097 - INFO - Price Validated
2026-04-01 12:10:18,097 - INFO - All validations passed
2026-04-01 12:10:34,800 - INFO - Symbol Validated
2026-04-01 12:10:34,800 - INFO - Side Validated
2026-04-01 12:10:34,800 - INFO - Type Validated
2026-04-01 12:10:34,800 - INFO - Quantity Validated
2026-04-01 12:10:34,800 - INFO - Price Validated
2026-04-01 12:10:34,800 - INFO - All validations passed
2026-04-01 12:13:42,456 - INFO - Symbol Validated
2026-04-01 12:13:42,456 - INFO - Side Validated
2026-04-01 12:13:42,471 - INFO - Type Validated
2026-04-01 12:13:42,471 - INFO - Quantity Validated
2026-04-01 12:13:42,471 - INFO - Price Validated
2026-04-01 12:13:42,471 - INFO - All validations passed
2026-04-01 12:14:16,778 - INFO - Symbol Validated
2026-04-01 12:14:16,779 - INFO - Side Validated
2026-04-01 12:14:16,779 - INFO - Type Validated
2026-04-01 12:14:16,779 - INFO - Quantity Validated
2026-04-01 12:14:16,780 - INFO - Price Validated
2026-04-01 12:14:16,780 - INFO - All validations passed
2026-04-01 12:17:15,760 - INFO - Symbol Validated
2026-04-01 12:17:15,760 - INFO - Side Validated
2026-04-01 12:17:15,760 - INFO - Type Validated
2026-04-01 12:17:15,760 - INFO - Quantity Validated
2026-04-01 12:17:15,760 - INFO - Price Validated
2026-04-01 12:17:15,760 - INFO - All validations passed
2026-04-01 12:18:33,790 - INFO - Symbol Validated
2026-04-01 12:18:33,790 - INFO - Side Validated
2026-04-01 12:18:33,790 - INFO - Type Validated
2026-04-01 12:18:33,790 - INFO - Quantity Validated
2026-04-01 12:18:33,790 - INFO - Price Validated
2026-04-01 12:18:33,790 - INFO - All validations passed
2026-04-01 12:18:48,566 - INFO - Symbol Validated
2026-04-01 12:18:48,566 - INFO - Side Validated
2026-04-01 12:18:48,566 - INFO - Type Validated
2026-04-01 12:18:48,566 - INFO - Quantity Validated
2026-04-01 12:18:48,566 - INFO - Price Validated
2026-04-01 12:18:48,566 - INFO - All validations passed
2026-04-01 12:19:01,039 - INFO - Symbol Validated
2026-04-01 12:19:01,039 - INFO - Side Validated
2026-04-01 12:19:01,039 - INFO - Type Validated
2026-04-01 12:19:01,039 - INFO - Quantity Validated
2026-04-01 12:19:01,039 - INFO - Price Validated
2026-04-01 12:19:01,039 - INFO - All validations passed
2026-04-01 12:19:23,007 - INFO - Symbol Validated
2026-04-01 12:19:23,007 - INFO - Side Validated
2026-04-01 12:19:23,007 - INFO - Type Validated
2026-04-01 12:19:23,007 - INFO - Quantity Validated
2026-04-01 12:19:23,007 - INFO - Price Validated
2026-04-01 12:19:23,007 - INFO - All validations passed
2026-04-01 12:19:43,043 - INFO - Symbol Validated
2026-04-01 12:19:43,043 - INFO - Side Validated
2026-04-01 12:19:43,043 - INFO - Type Validated
2026-04-01 12:19:43,043 - INFO - Quantity Validated
2026-04-01 12:19:43,043 - INFO - Price Validated
2026-04-01 12:19:43,043 - INFO - All validations passed
2026-04-01 12:20:32,130 - INFO - Symbol Validated
2026-04-01 12:20:32,130 - INFO - Side Validated
2026-04-01 12:20:32,130 - INFO - Type Validated
2026-04-01 12:20:32,130 - INFO - Quantity Validated
2026-04-01 12:20:32,130 - INFO - Price Validated
2026-04-01 12:20:32,130 - INFO - All validations passed
2026-04-01 12:22:10,973 - INFO - Symbol Validated
2026-04-01 12:22:11,248 - INFO - Side Validated
2026-04-01 12:22:11,248 - INFO - Type Validated
2026-04-01 12:22:11,248 - INFO - Quantity Validated
2026-04-01 12:22:11,248 - INFO - Price Validated
2026-04-01 12:22:11,248 - INFO - All validations passed
